FQPN6GBZ | 2020-01-01 08:11:52 
9GNOKQJY | 2020-01-01 08:28:55 
ANTJQK2S | 2020-01-01 08:36:54 
U9OJVYGQ | 2020-01-01 08:44:52 
AC3ZDSTG | 2020-01-01 08:55:24 
052XL7D4 | 2020-01-01 08:55:54 
X8SDR2MZ | 2020-01-01 09:10:18 
5OALCRB6 | 2020-01-01 09:12:04 
7I1YTDZL | 2020-01-01 09:20:44 
RVP1UBDT | 2020-01-01 09:29:11 
U9OJVYGQ | 2020-01-01 13:35:46 
9GNOKQJY | 2020-01-01 13:57:49 
ANTJQK2S | 2020-01-01 14:03:05 
X8SDR2MZ | 2020-01-01 14:03:37 
7I1YTDZL | 2020-01-01 14:04:28 
5OALCRB6 | 2020-01-01 14:11:05 
FQPN6GBZ | 2020-01-01 14:15:15 
RVP1UBDT | 2020-01-01 14:19:11 
AC3ZDSTG | 2020-01-01 14:22:09 
052XL7D4 | 2020-01-01 14:29:07 
RVP1UBDT | 2020-01-02 08:19:30 
052XL7D4 | 2020-01-02 08:41:46 
AC3ZDSTG | 2020-01-02 08:46:58 
9GNOKQJY | 2020-01-02 08:50:55 
X8SDR2MZ | 2020-01-02 08:57:37 
7I1YTDZL | 2020-01-02 09:02:02 
5OALCRB6 | 2020-01-02 09:08:26 
U9OJVYGQ | 2020-01-02 09:09:08 
FQPN6GBZ | 2020-01-02 09:23:04 
ANTJQK2S | 2020-01-02 09:25:15 
X8SDR2MZ | 2020-01-02 13:18:58 
052XL7D4 | 2020-01-02 13:31:44 
U9OJVYGQ | 2020-01-02 13:36:57 
5OALCRB6 | 2020-01-02 13:37:54 
FQPN6GBZ | 2020-01-02 13:48:59 
ANTJQK2S | 2020-01-02 13:58:44 
AC3ZDSTG | 2020-01-02 14:03:33 
RVP1UBDT | 2020-01-02 14:06:09 
7I1YTDZL | 2020-01-02 14:31:09 
9GNOKQJY | 2020-01-02 14:37:12 
5OALCRB6 | 2020-01-03 08:16:49 
AC3ZDSTG | 2020-01-03 08:35:53 
7I1YTDZL | 2020-01-03 08:48:58 
FQPN6GBZ | 2020-01-03 08:53:45 
X8SDR2MZ | 2020-01-03 09:01:05 
052XL7D4 | 2020-01-03 09:16:27 
RVP1UBDT | 2020-01-03 09:32:03 
U9OJVYGQ | 2020-01-03 09:37:20 
9GNOKQJY | 2020-01-03 09:43:08 
ANTJQK2S | 2020-01-03 09:47:12 
052XL7D4 | 2020-01-03 13:30:22 
FQPN6GBZ | 2020-01-03 13:45:55 
RVP1UBDT | 2020-01-03 13:46:43 
U9OJVYGQ | 2020-01-03 13:49:31 
5OALCRB6 | 2020-01-03 13:55:52 
ANTJQK2S | 2020-01-03 13:58:51 
9GNOKQJY | 2020-01-03 14:03:05 
X8SDR2MZ | 2020-01-03 14:07:15 
AC3ZDSTG | 2020-01-03 14:09:05 
7I1YTDZL | 2020-01-03 14:13:15 
RVP1UBDT | 2020-01-06 08:23:58 
052XL7D4 | 2020-01-06 08:28:52 
U9OJVYGQ | 2020-01-06 08:31:55 
7I1YTDZL | 2020-01-06 08:44:52 
AC3ZDSTG | 2020-01-06 08:49:33 
9GNOKQJY | 2020-01-06 08:58:56 
ANTJQK2S | 2020-01-06 09:02:18 
X8SDR2MZ | 2020-01-06 09:11:23 
5OALCRB6 | 2020-01-06 09:16:07 
RVP1UBDT | 2020-01-06 13:34:24 
X8SDR2MZ | 2020-01-06 13:39:54 
7I1YTDZL | 2020-01-06 13:42:53 
5OALCRB6 | 2020-01-06 14:09:01 
9GNOKQJY | 2020-01-06 14:11:33 
ANTJQK2S | 2020-01-06 14:13:22 
AC3ZDSTG | 2020-01-06 14:13:46 
052XL7D4 | 2020-01-06 14:24:25 
U9OJVYGQ | 2020-01-06 14:46:25 
9GNOKQJY | 2020-01-07 08:14:31 
U9OJVYGQ | 2020-01-07 08:43:51 
AC3ZDSTG | 2020-01-07 08:55:38 
X8SDR2MZ | 2020-01-07 09:02:36 
5OALCRB6 | 2020-01-07 09:06:14 
052XL7D4 | 2020-01-07 09:15:41 
RVP1UBDT | 2020-01-07 09:21:18 
FQPN6GBZ | 2020-01-07 09:26:43 
X8SDR2MZ | 2020-01-07 13:28:41 
U9OJVYGQ | 2020-01-07 13:46:32 
FQPN6GBZ | 2020-01-07 13:49:55 
5OALCRB6 | 2020-01-07 13:51:43 
AC3ZDSTG | 2020-01-07 13:55:41 
9GNOKQJY | 2020-01-07 13:56:49 
052XL7D4 | 2020-01-07 14:10:27 
RVP1UBDT | 2020-01-07 14:36:38 
AC3ZDSTG | 2020-01-08 08:28:19 
052XL7D4 | 2020-01-08 08:31:51 
9GNOKQJY | 2020-01-08 08:43:49 
7I1YTDZL | 2020-01-08 08:44:46 
ANTJQK2S | 2020-01-08 08:50:57 
X8SDR2MZ | 2020-01-08 09:06:12 
FQPN6GBZ | 2020-01-08 09:13:11 
5OALCRB6 | 2020-01-08 09:13:44 
U9OJVYGQ | 2020-01-08 09:16:32 
9GNOKQJY | 2020-01-08 13:39:51 
FQPN6GBZ | 2020-01-08 13:49:45 
X8SDR2MZ | 2020-01-08 13:56:52 
ANTJQK2S | 2020-01-08 14:01:13 
U9OJVYGQ | 2020-01-08 14:03:01 
7I1YTDZL | 2020-01-08 14:07:08 
5OALCRB6 | 2020-01-08 14:08:06 
AC3ZDSTG | 2020-01-08 14:24:06 
052XL7D4 | 2020-01-08 14:25:14 
9GNOKQJY | 2020-01-09 08:22:28 
U9OJVYGQ | 2020-01-09 08:39:52 
ANTJQK2S | 2020-01-09 08:56:21 
AC3ZDSTG | 2020-01-09 08:56:57 
RVP1UBDT | 2020-01-09 09:10:17 
5OALCRB6 | 2020-01-09 09:14:30 
052XL7D4 | 2020-01-09 09:21:04 
7I1YTDZL | 2020-01-09 09:25:17 
X8SDR2MZ | 2020-01-09 09:40:12 
9GNOKQJY | 2020-01-09 13:12:33 
X8SDR2MZ | 2020-01-09 13:42:24 
052XL7D4 | 2020-01-09 13:51:50 
AC3ZDSTG | 2020-01-09 13:56:58 
7I1YTDZL | 2020-01-09 13:58:35 
U9OJVYGQ | 2020-01-09 14:04:04 
5OALCRB6 | 2020-01-09 14:12:13 
RVP1UBDT | 2020-01-09 14:14:30 
ANTJQK2S | 2020-01-09 14:19:02 
7I1YTDZL | 2020-01-10 08:29:53 
5OALCRB6 | 2020-01-10 08:35:32 
X8SDR2MZ | 2020-01-10 08:36:47 
FQPN6GBZ | 2020-01-10 08:44:56 
RVP1UBDT | 2020-01-10 08:49:58 
052XL7D4 | 2020-01-10 08:56:49 
9GNOKQJY | 2020-01-10 08:56:54 
U9OJVYGQ | 2020-01-10 09:07:22 
ANTJQK2S | 2020-01-10 09:14:17 
AC3ZDSTG | 2020-01-10 09:42:02 
ANTJQK2S | 2020-01-10 13:18:38 
FQPN6GBZ | 2020-01-10 13:35:59 
052XL7D4 | 2020-01-10 13:36:39 
RVP1UBDT | 2020-01-10 13:43:48 
9GNOKQJY | 2020-01-10 14:04:08 
X8SDR2MZ | 2020-01-10 14:09:05 
7I1YTDZL | 2020-01-10 14:11:33 
AC3ZDSTG | 2020-01-10 14:22:23 
5OALCRB6 | 2020-01-10 14:31:08 
U9OJVYGQ | 2020-01-10 14:36:18 
7I1YTDZL | 2020-01-13 08:38:43 
U9OJVYGQ | 2020-01-13 08:50:26 
052XL7D4 | 2020-01-13 08:50:28 
9GNOKQJY | 2020-01-13 08:57:58 
RVP1UBDT | 2020-01-13 09:07:31 
FQPN6GBZ | 2020-01-13 09:11:31 
5OALCRB6 | 2020-01-13 09:15:28 
AC3ZDSTG | 2020-01-13 09:20:25 
9GNOKQJY | 2020-01-13 13:16:58 
RVP1UBDT | 2020-01-13 13:22:47 
052XL7D4 | 2020-01-13 13:37:40 
7I1YTDZL | 2020-01-13 13:46:55 
U9OJVYGQ | 2020-01-13 13:51:49 
5OALCRB6 | 2020-01-13 14:07:29 
FQPN6GBZ | 2020-01-13 14:19:23 
AC3ZDSTG | 2020-01-13 14:23:09 
AC3ZDSTG | 2020-01-14 08:22:33 
FQPN6GBZ | 2020-01-14 08:32:53 
9GNOKQJY | 2020-01-14 08:41:54 
RVP1UBDT | 2020-01-14 08:47:10 
ANTJQK2S | 2020-01-14 08:47:39 
7I1YTDZL | 2020-01-14 08:55:55 
5OALCRB6 | 2020-01-14 09:01:10 
052XL7D4 | 2020-01-14 09:17:16 
X8SDR2MZ | 2020-01-14 09:30:23 
AC3ZDSTG | 2020-01-14 13:47:52 
7I1YTDZL | 2020-01-14 13:56:23 
5OALCRB6 | 2020-01-14 14:05:03 
RVP1UBDT | 2020-01-14 14:07:15 
ANTJQK2S | 2020-01-14 14:08:09 
X8SDR2MZ | 2020-01-14 14:16:10 
FQPN6GBZ | 2020-01-14 14:24:03 
9GNOKQJY | 2020-01-14 14:24:17 
052XL7D4 | 2020-01-14 14:28:05 
9GNOKQJY | 2020-01-15 09:01:07 
X8SDR2MZ | 2020-01-15 09:03:34 
RVP1UBDT | 2020-01-15 09:11:42 
FQPN6GBZ | 2020-01-15 09:12:13 
AC3ZDSTG | 2020-01-15 09:13:07 
ANTJQK2S | 2020-01-15 09:17:11 
052XL7D4 | 2020-01-15 09:27:01 
U9OJVYGQ | 2020-01-15 09:34:15 
U9OJVYGQ | 2020-01-15 13:34:57 
052XL7D4 | 2020-01-15 13:53:35 
RVP1UBDT | 2020-01-15 14:02:49 
ANTJQK2S | 2020-01-15 14:03:04 
AC3ZDSTG | 2020-01-15 14:03:07 
X8SDR2MZ | 2020-01-15 14:09:03 
9GNOKQJY | 2020-01-15 14:14:01 
FQPN6GBZ | 2020-01-15 14:20:38 
ANTJQK2S | 2020-01-16 08:18:55 
FQPN6GBZ | 2020-01-16 08:30:51 
AC3ZDSTG | 2020-01-16 08:47:47 
9GNOKQJY | 2020-01-16 08:48:43 
7I1YTDZL | 2020-01-16 08:57:36 
U9OJVYGQ | 2020-01-16 09:02:06 
5OALCRB6 | 2020-01-16 09:04:16 
RVP1UBDT | 2020-01-16 09:09:06 
052XL7D4 | 2020-01-16 09:19:09 
9GNOKQJY | 2020-01-16 13:28:49 
ANTJQK2S | 2020-01-16 13:38:36 
FQPN6GBZ | 2020-01-16 13:42:40 
RVP1UBDT | 2020-01-16 13:43:36 
5OALCRB6 | 2020-01-16 13:47:26 
AC3ZDSTG | 2020-01-16 14:02:04 
052XL7D4 | 2020-01-16 14:04:14 
7I1YTDZL | 2020-01-16 14:08:34 
U9OJVYGQ | 2020-01-16 14:13:37 
AC3ZDSTG | 2020-01-17 08:18:57 
7I1YTDZL | 2020-01-17 08:53:44 
ANTJQK2S | 2020-01-17 08:53:55 
X8SDR2MZ | 2020-01-17 08:58:57 
U9OJVYGQ | 2020-01-17 09:02:06 
9GNOKQJY | 2020-01-17 09:04:03 
052XL7D4 | 2020-01-17 09:10:07 
FQPN6GBZ | 2020-01-17 09:15:39 
RVP1UBDT | 2020-01-17 09:42:37 
ANTJQK2S | 2020-01-17 13:47:37 
FQPN6GBZ | 2020-01-17 13:55:54 
U9OJVYGQ | 2020-01-17 14:02:07 
052XL7D4 | 2020-01-17 14:05:28 
RVP1UBDT | 2020-01-17 14:13:33 
X8SDR2MZ | 2020-01-17 14:14:03 
9GNOKQJY | 2020-01-17 14:15:05 
AC3ZDSTG | 2020-01-17 14:17:10 
7I1YTDZL | 2020-01-17 14:20:29 
5OALCRB6 | 2020-01-20 08:20:42 
ANTJQK2S | 2020-01-20 08:46:40 
9GNOKQJY | 2020-01-20 08:47:49 
FQPN6GBZ | 2020-01-20 09:01:03 
U9OJVYGQ | 2020-01-20 09:04:15 
AC3ZDSTG | 2020-01-20 09:07:04 
RVP1UBDT | 2020-01-20 09:14:12 
X8SDR2MZ | 2020-01-20 09:19:17 
052XL7D4 | 2020-01-20 09:28:02 
5OALCRB6 | 2020-01-20 13:32:58 
U9OJVYGQ | 2020-01-20 13:39:34 
9GNOKQJY | 2020-01-20 14:01:10 
RVP1UBDT | 2020-01-20 14:04:04 
AC3ZDSTG | 2020-01-20 14:07:11 
FQPN6GBZ | 2020-01-20 14:16:12 
052XL7D4 | 2020-01-20 14:19:23 
X8SDR2MZ | 2020-01-20 14:34:04 
ANTJQK2S | 2020-01-20 14:38:02 
U9OJVYGQ | 2020-01-21 08:49:55 
RVP1UBDT | 2020-01-21 08:54:29 
AC3ZDSTG | 2020-01-21 08:55:28 
FQPN6GBZ | 2020-01-21 09:06:06 
052XL7D4 | 2020-01-21 09:06:17 
9GNOKQJY | 2020-01-21 09:11:11 
7I1YTDZL | 2020-01-21 09:14:10 
5OALCRB6 | 2020-01-21 09:19:11 
ANTJQK2S | 2020-01-21 09:19:22 
052XL7D4 | 2020-01-21 13:23:48 
ANTJQK2S | 2020-01-21 13:33:44 
7I1YTDZL | 2020-01-21 13:41:49 
AC3ZDSTG | 2020-01-21 13:43:52 
FQPN6GBZ | 2020-01-21 13:48:22 
5OALCRB6 | 2020-01-21 13:58:46 
U9OJVYGQ | 2020-01-21 14:04:28 
9GNOKQJY | 2020-01-21 14:07:09 
RVP1UBDT | 2020-01-21 14:31:10 
FQPN6GBZ | 2020-01-22 08:34:42 
U9OJVYGQ | 2020-01-22 08:34:52 
5OALCRB6 | 2020-01-22 08:57:58 
7I1YTDZL | 2020-01-22 09:04:11 
ANTJQK2S | 2020-01-22 09:08:07 
9GNOKQJY | 2020-01-22 09:12:11 
052XL7D4 | 2020-01-22 09:12:17 
RVP1UBDT | 2020-01-22 09:23:05 
AC3ZDSTG | 2020-01-22 09:31:16 
ANTJQK2S | 2020-01-22 13:35:46 
5OALCRB6 | 2020-01-22 13:42:15 
9GNOKQJY | 2020-01-22 13:50:43 
052XL7D4 | 2020-01-22 13:51:34 
FQPN6GBZ | 2020-01-22 13:53:46 
AC3ZDSTG | 2020-01-22 14:02:10 
RVP1UBDT | 2020-01-22 14:10:09 
U9OJVYGQ | 2020-01-22 14:12:07 
7I1YTDZL | 2020-01-22 14:15:30 
9GNOKQJY | 2020-01-23 08:41:59 
7I1YTDZL | 2020-01-23 08:45:57 
U9OJVYGQ | 2020-01-23 08:57:53 
052XL7D4 | 2020-01-23 09:01:49 
ANTJQK2S | 2020-01-23 09:06:29 
FQPN6GBZ | 2020-01-23 09:09:23 
AC3ZDSTG | 2020-01-23 09:13:09 
5OALCRB6 | 2020-01-23 09:22:07 
RVP1UBDT | 2020-01-23 09:35:01 
X8SDR2MZ | 2020-01-23 09:46:24 
AC3ZDSTG | 2020-01-23 13:26:55 
052XL7D4 | 2020-01-23 13:36:38 
5OALCRB6 | 2020-01-23 13:48:42 
X8SDR2MZ | 2020-01-23 13:51:55 
ANTJQK2S | 2020-01-23 14:01:10 
FQPN6GBZ | 2020-01-23 14:04:03 
RVP1UBDT | 2020-01-23 14:05:22 
U9OJVYGQ | 2020-01-23 14:08:33 
7I1YTDZL | 2020-01-23 14:12:01 
9GNOKQJY | 2020-01-23 14:22:10 
5OALCRB6 | 2020-01-24 08:30:43 
X8SDR2MZ | 2020-01-24 08:48:59 
9GNOKQJY | 2020-01-24 08:50:52 
AC3ZDSTG | 2020-01-24 08:53:49 
7I1YTDZL | 2020-01-24 08:54:29 
FQPN6GBZ | 2020-01-24 09:02:19 
RVP1UBDT | 2020-01-24 09:07:17 
052XL7D4 | 2020-01-24 09:14:34 
ANTJQK2S | 2020-01-24 09:18:22 
RVP1UBDT | 2020-01-24 13:47:25 
FQPN6GBZ | 2020-01-24 13:54:58 
9GNOKQJY | 2020-01-24 13:56:40 
5OALCRB6 | 2020-01-24 14:01:25 
7I1YTDZL | 2020-01-24 14:02:06 
ANTJQK2S | 2020-01-24 14:09:10 
X8SDR2MZ | 2020-01-24 14:15:05 
AC3ZDSTG | 2020-01-24 14:16:03 
052XL7D4 | 2020-01-24 14:26:16 
7I1YTDZL | 2020-01-27 08:51:48 
9GNOKQJY | 2020-01-27 08:52:53 
X8SDR2MZ | 2020-01-27 09:08:05 
FQPN6GBZ | 2020-01-27 09:09:06 
052XL7D4 | 2020-01-27 09:11:30 
5OALCRB6 | 2020-01-27 09:14:39 
RVP1UBDT | 2020-01-27 09:18:12 
AC3ZDSTG | 2020-01-27 09:20:05 
052XL7D4 | 2020-01-27 13:34:57 
AC3ZDSTG | 2020-01-27 13:44:59 
X8SDR2MZ | 2020-01-27 13:58:52 
9GNOKQJY | 2020-01-27 14:03:21 
5OALCRB6 | 2020-01-27 14:05:06 
7I1YTDZL | 2020-01-27 14:07:02 
FQPN6GBZ | 2020-01-27 14:33:10 
RVP1UBDT | 2020-01-27 14:33:20 
FQPN6GBZ | 2020-01-28 08:13:52 
052XL7D4 | 2020-01-28 08:49:19 
RVP1UBDT | 2020-01-28 09:03:04 
9GNOKQJY | 2020-01-28 09:09:13 
U9OJVYGQ | 2020-01-28 09:16:05 
AC3ZDSTG | 2020-01-28 09:17:14 
7I1YTDZL | 2020-01-28 09:18:28 
5OALCRB6 | 2020-01-28 09:20:09 
052XL7D4 | 2020-01-28 13:48:57 
9GNOKQJY | 2020-01-28 13:49:53 
RVP1UBDT | 2020-01-28 13:55:50 
7I1YTDZL | 2020-01-28 13:58:49 
AC3ZDSTG | 2020-01-28 14:01:29 
FQPN6GBZ | 2020-01-28 14:09:07 
U9OJVYGQ | 2020-01-28 14:15:20 
5OALCRB6 | 2020-01-28 14:22:27 
AC3ZDSTG | 2020-01-29 08:30:54 
5OALCRB6 | 2020-01-29 08:50:40 
052XL7D4 | 2020-01-29 08:50:53 
9GNOKQJY | 2020-01-29 08:54:41 
RVP1UBDT | 2020-01-29 09:10:40 
7I1YTDZL | 2020-01-29 09:11:13 
X8SDR2MZ | 2020-01-29 09:15:23 
ANTJQK2S | 2020-01-29 09:18:32 
FQPN6GBZ | 2020-01-29 09:19:06 
U9OJVYGQ | 2020-01-29 09:20:27 
X8SDR2MZ | 2020-01-29 13:26:41 
7I1YTDZL | 2020-01-29 13:32:42 
9GNOKQJY | 2020-01-29 13:35:58 
ANTJQK2S | 2020-01-29 13:40:57 
AC3ZDSTG | 2020-01-29 13:47:55 
052XL7D4 | 2020-01-29 13:51:23 
U9OJVYGQ | 2020-01-29 14:16:02 
FQPN6GBZ | 2020-01-29 14:19:16 
5OALCRB6 | 2020-01-29 14:20:17 
RVP1UBDT | 2020-01-29 14:24:18 
7I1YTDZL | 2020-01-30 08:09:43 
ANTJQK2S | 2020-01-30 08:32:41 
X8SDR2MZ | 2020-01-30 08:42:44 
FQPN6GBZ | 2020-01-30 08:47:25 
052XL7D4 | 2020-01-30 09:12:09 
RVP1UBDT | 2020-01-30 09:20:26 
9GNOKQJY | 2020-01-30 09:29:23 
U9OJVYGQ | 2020-01-30 09:34:05 
AC3ZDSTG | 2020-01-30 09:48:05 
X8SDR2MZ | 2020-01-30 13:36:46 
9GNOKQJY | 2020-01-30 13:42:56 
RVP1UBDT | 2020-01-30 13:45:43 
U9OJVYGQ | 2020-01-30 13:49:52 
FQPN6GBZ | 2020-01-30 13:50:32 
ANTJQK2S | 2020-01-30 14:03:02 
AC3ZDSTG | 2020-01-30 14:05:19 
052XL7D4 | 2020-01-30 14:08:09 
7I1YTDZL | 2020-01-30 14:34:10 
9GNOKQJY | 2020-01-31 08:40:29 
7I1YTDZL | 2020-01-31 08:48:44 
052XL7D4 | 2020-01-31 08:53:31 
U9OJVYGQ | 2020-01-31 08:53:44 
AC3ZDSTG | 2020-01-31 08:53:56 
RVP1UBDT | 2020-01-31 08:54:49 
5OALCRB6 | 2020-01-31 08:55:57 
FQPN6GBZ | 2020-01-31 09:07:30 
ANTJQK2S | 2020-01-31 09:10:30 
AC3ZDSTG | 2020-01-31 13:41:56 
7I1YTDZL | 2020-01-31 13:49:43 
FQPN6GBZ | 2020-01-31 13:50:23 
ANTJQK2S | 2020-01-31 13:51:40 
9GNOKQJY | 2020-01-31 14:07:26 
052XL7D4 | 2020-01-31 14:09:01 
5OALCRB6 | 2020-01-31 14:11:27 
U9OJVYGQ | 2020-01-31 14:14:17 
RVP1UBDT | 2020-01-31 14:47:03 
