7I1YTDZL | 2020-01-01 12:17:53 
RVP1UBDT | 2020-01-01 12:32:59 
AC3ZDSTG | 2020-01-01 12:43:59 
5OALCRB6 | 2020-01-01 12:51:55 
ANTJQK2S | 2020-01-01 13:02:16 
U9OJVYGQ | 2020-01-01 13:06:17 
FQPN6GBZ | 2020-01-01 13:11:21 
9GNOKQJY | 2020-01-01 13:19:17 
052XL7D4 | 2020-01-01 13:28:18 
X8SDR2MZ | 2020-01-01 13:34:37 
RVP1UBDT | 2020-01-01 17:40:37 
U9OJVYGQ | 2020-01-01 17:55:49 
AC3ZDSTG | 2020-01-01 18:01:25 
052XL7D4 | 2020-01-01 18:10:02 
FQPN6GBZ | 2020-01-01 18:11:01 
9GNOKQJY | 2020-01-01 18:13:34 
X8SDR2MZ | 2020-01-01 18:15:22 
7I1YTDZL | 2020-01-01 18:20:12 
ANTJQK2S | 2020-01-01 18:23:13 
5OALCRB6 | 2020-01-01 18:32:03 
ANTJQK2S | 2020-01-02 12:16:44 
U9OJVYGQ | 2020-01-02 12:27:41 
X8SDR2MZ | 2020-01-02 12:54:33 
5OALCRB6 | 2020-01-02 12:54:49 
FQPN6GBZ | 2020-01-02 12:58:57 
7I1YTDZL | 2020-01-02 13:07:10 
052XL7D4 | 2020-01-02 13:11:16 
AC3ZDSTG | 2020-01-02 13:13:10 
RVP1UBDT | 2020-01-02 13:23:20 
9GNOKQJY | 2020-01-02 13:25:11 
U9OJVYGQ | 2020-01-02 17:40:39 
X8SDR2MZ | 2020-01-02 17:44:59 
FQPN6GBZ | 2020-01-02 17:47:19 
AC3ZDSTG | 2020-01-02 17:52:32 
7I1YTDZL | 2020-01-02 18:01:28 
ANTJQK2S | 2020-01-02 18:05:04 
5OALCRB6 | 2020-01-02 18:05:14 
052XL7D4 | 2020-01-02 18:15:01 
RVP1UBDT | 2020-01-02 18:15:20 
9GNOKQJY | 2020-01-02 18:21:22 
RVP1UBDT | 2020-01-03 12:28:53 
5OALCRB6 | 2020-01-03 12:38:58 
ANTJQK2S | 2020-01-03 12:39:41 
7I1YTDZL | 2020-01-03 12:44:31 
9GNOKQJY | 2020-01-03 12:53:25 
AC3ZDSTG | 2020-01-03 12:58:42 
052XL7D4 | 2020-01-03 13:10:20 
X8SDR2MZ | 2020-01-03 13:14:05 
FQPN6GBZ | 2020-01-03 13:31:02 
U9OJVYGQ | 2020-01-03 13:35:02 
052XL7D4 | 2020-01-03 17:49:41 
FQPN6GBZ | 2020-01-03 17:49:54 
7I1YTDZL | 2020-01-03 17:52:34 
X8SDR2MZ | 2020-01-03 17:53:53 
AC3ZDSTG | 2020-01-03 17:58:47 
U9OJVYGQ | 2020-01-03 18:02:18 
5OALCRB6 | 2020-01-03 18:06:12 
ANTJQK2S | 2020-01-03 18:10:19 
9GNOKQJY | 2020-01-03 18:16:30 
RVP1UBDT | 2020-01-03 18:30:05 
5OALCRB6 | 2020-01-06 12:34:56 
X8SDR2MZ | 2020-01-06 12:36:40 
ANTJQK2S | 2020-01-06 12:47:34 
U9OJVYGQ | 2020-01-06 12:58:54 
RVP1UBDT | 2020-01-06 13:11:17 
9GNOKQJY | 2020-01-06 13:13:25 
052XL7D4 | 2020-01-06 13:14:39 
AC3ZDSTG | 2020-01-06 13:15:12 
7I1YTDZL | 2020-01-06 13:23:03 
7I1YTDZL | 2020-01-06 17:41:28 
AC3ZDSTG | 2020-01-06 17:45:47 
ANTJQK2S | 2020-01-06 17:52:30 
X8SDR2MZ | 2020-01-06 18:03:11 
U9OJVYGQ | 2020-01-06 18:04:02 
RVP1UBDT | 2020-01-06 18:08:06 
9GNOKQJY | 2020-01-06 18:10:06 
052XL7D4 | 2020-01-06 18:20:11 
5OALCRB6 | 2020-01-06 18:20:33 
RVP1UBDT | 2020-01-07 12:27:39 
9GNOKQJY | 2020-01-07 12:54:46 
5OALCRB6 | 2020-01-07 13:01:01 
X8SDR2MZ | 2020-01-07 13:05:29 
FQPN6GBZ | 2020-01-07 13:09:08 
U9OJVYGQ | 2020-01-07 13:14:18 
052XL7D4 | 2020-01-07 13:29:33 
AC3ZDSTG | 2020-01-07 13:38:08 
FQPN6GBZ | 2020-01-07 17:46:52 
X8SDR2MZ | 2020-01-07 18:05:46 
AC3ZDSTG | 2020-01-07 18:06:06 
U9OJVYGQ | 2020-01-07 18:08:01 
052XL7D4 | 2020-01-07 18:11:30 
5OALCRB6 | 2020-01-07 18:12:25 
RVP1UBDT | 2020-01-07 18:42:10 
9GNOKQJY | 2020-01-07 18:43:25 
7I1YTDZL | 2020-01-08 12:35:48 
ANTJQK2S | 2020-01-08 12:46:46 
9GNOKQJY | 2020-01-08 12:48:54 
X8SDR2MZ | 2020-01-08 13:01:15 
U9OJVYGQ | 2020-01-08 13:04:18 
052XL7D4 | 2020-01-08 13:17:06 
FQPN6GBZ | 2020-01-08 13:18:03 
5OALCRB6 | 2020-01-08 13:27:23 
AC3ZDSTG | 2020-01-08 13:37:12 
AC3ZDSTG | 2020-01-08 17:24:53 
052XL7D4 | 2020-01-08 17:40:56 
7I1YTDZL | 2020-01-08 17:51:47 
9GNOKQJY | 2020-01-08 17:56:57 
ANTJQK2S | 2020-01-08 18:08:28 
5OALCRB6 | 2020-01-08 18:18:44 
X8SDR2MZ | 2020-01-08 18:25:04 
FQPN6GBZ | 2020-01-08 18:28:27 
U9OJVYGQ | 2020-01-08 18:33:16 
9GNOKQJY | 2020-01-09 12:40:48 
AC3ZDSTG | 2020-01-09 12:43:26 
X8SDR2MZ | 2020-01-09 12:47:51 
052XL7D4 | 2020-01-09 12:53:46 
U9OJVYGQ | 2020-01-09 12:56:54 
7I1YTDZL | 2020-01-09 13:01:04 
ANTJQK2S | 2020-01-09 13:06:05 
RVP1UBDT | 2020-01-09 13:15:08 
5OALCRB6 | 2020-01-09 13:24:04 
U9OJVYGQ | 2020-01-09 17:41:54 
5OALCRB6 | 2020-01-09 17:44:47 
9GNOKQJY | 2020-01-09 17:48:46 
AC3ZDSTG | 2020-01-09 17:53:57 
052XL7D4 | 2020-01-09 18:02:15 
RVP1UBDT | 2020-01-09 18:08:05 
ANTJQK2S | 2020-01-09 18:12:10 
X8SDR2MZ | 2020-01-09 18:16:11 
7I1YTDZL | 2020-01-09 18:17:05 
U9OJVYGQ | 2020-01-10 12:34:42 
7I1YTDZL | 2020-01-10 12:45:48 
X8SDR2MZ | 2020-01-10 12:53:49 
ANTJQK2S | 2020-01-10 13:06:22 
5OALCRB6 | 2020-01-10 13:07:14 
9GNOKQJY | 2020-01-10 13:10:12 
052XL7D4 | 2020-01-10 13:16:23 
AC3ZDSTG | 2020-01-10 13:17:33 
RVP1UBDT | 2020-01-10 13:25:16 
FQPN6GBZ | 2020-01-10 13:38:26 
AC3ZDSTG | 2020-01-10 17:44:59 
X8SDR2MZ | 2020-01-10 17:52:56 
7I1YTDZL | 2020-01-10 17:53:47 
052XL7D4 | 2020-01-10 17:53:52 
RVP1UBDT | 2020-01-10 17:54:39 
FQPN6GBZ | 2020-01-10 18:08:04 
U9OJVYGQ | 2020-01-10 18:15:28 
ANTJQK2S | 2020-01-10 18:19:13 
5OALCRB6 | 2020-01-10 18:30:45 
9GNOKQJY | 2020-01-10 18:36:18 
U9OJVYGQ | 2020-01-13 12:46:26 
7I1YTDZL | 2020-01-13 12:53:56 
052XL7D4 | 2020-01-13 12:56:18 
FQPN6GBZ | 2020-01-13 12:57:32 
RVP1UBDT | 2020-01-13 13:03:28 
AC3ZDSTG | 2020-01-13 13:04:24 
9GNOKQJY | 2020-01-13 13:09:39 
5OALCRB6 | 2020-01-13 13:10:05 
9GNOKQJY | 2020-01-13 17:44:59 
RVP1UBDT | 2020-01-13 17:52:51 
7I1YTDZL | 2020-01-13 17:57:31 
FQPN6GBZ | 2020-01-13 17:57:54 
AC3ZDSTG | 2020-01-13 18:02:09 
U9OJVYGQ | 2020-01-13 18:05:08 
052XL7D4 | 2020-01-13 18:16:45 
5OALCRB6 | 2020-01-13 18:33:21 
X8SDR2MZ | 2020-01-14 12:25:31 
7I1YTDZL | 2020-01-14 12:47:24 
5OALCRB6 | 2020-01-14 12:49:53 
9GNOKQJY | 2020-01-14 12:51:41 
FQPN6GBZ | 2020-01-14 12:53:45 
AC3ZDSTG | 2020-01-14 12:57:41 
052XL7D4 | 2020-01-14 13:06:21 
ANTJQK2S | 2020-01-14 13:10:18 
RVP1UBDT | 2020-01-14 13:17:05 
5OALCRB6 | 2020-01-14 17:24:35 
9GNOKQJY | 2020-01-14 17:30:47 
7I1YTDZL | 2020-01-14 17:53:49 
X8SDR2MZ | 2020-01-14 18:02:19 
AC3ZDSTG | 2020-01-14 18:05:38 
FQPN6GBZ | 2020-01-14 18:08:14 
RVP1UBDT | 2020-01-14 18:10:16 
ANTJQK2S | 2020-01-14 18:15:14 
052XL7D4 | 2020-01-14 18:19:04 
FQPN6GBZ | 2020-01-15 12:31:54 
AC3ZDSTG | 2020-01-15 13:01:06 
RVP1UBDT | 2020-01-15 13:06:15 
X8SDR2MZ | 2020-01-15 13:06:29 
052XL7D4 | 2020-01-15 13:06:30 
ANTJQK2S | 2020-01-15 13:07:04 
9GNOKQJY | 2020-01-15 13:07:24 
U9OJVYGQ | 2020-01-15 13:17:11 
9GNOKQJY | 2020-01-15 17:32:55 
ANTJQK2S | 2020-01-15 17:43:27 
AC3ZDSTG | 2020-01-15 17:50:19 
X8SDR2MZ | 2020-01-15 18:01:33 
FQPN6GBZ | 2020-01-15 18:05:19 
052XL7D4 | 2020-01-15 18:16:12 
RVP1UBDT | 2020-01-15 18:17:05 
U9OJVYGQ | 2020-01-15 18:20:24 
9GNOKQJY | 2020-01-16 12:39:57 
U9OJVYGQ | 2020-01-16 12:42:53 
FQPN6GBZ | 2020-01-16 12:48:39 
ANTJQK2S | 2020-01-16 12:53:53 
7I1YTDZL | 2020-01-16 13:03:12 
052XL7D4 | 2020-01-16 13:06:32 
AC3ZDSTG | 2020-01-16 13:22:07 
RVP1UBDT | 2020-01-16 13:35:02 
5OALCRB6 | 2020-01-16 13:37:07 
U9OJVYGQ | 2020-01-16 17:09:23 
AC3ZDSTG | 2020-01-16 17:34:55 
RVP1UBDT | 2020-01-16 17:38:28 
FQPN6GBZ | 2020-01-16 17:44:49 
7I1YTDZL | 2020-01-16 17:44:51 
9GNOKQJY | 2020-01-16 18:07:03 
052XL7D4 | 2020-01-16 18:11:08 
5OALCRB6 | 2020-01-16 18:12:30 
ANTJQK2S | 2020-01-16 18:18:07 
052XL7D4 | 2020-01-17 12:43:54 
ANTJQK2S | 2020-01-17 12:49:31 
U9OJVYGQ | 2020-01-17 12:49:44 
FQPN6GBZ | 2020-01-17 12:51:52 
9GNOKQJY | 2020-01-17 12:52:32 
X8SDR2MZ | 2020-01-17 12:53:49 
RVP1UBDT | 2020-01-17 13:02:16 
7I1YTDZL | 2020-01-17 13:06:39 
AC3ZDSTG | 2020-01-17 13:28:07 
U9OJVYGQ | 2020-01-17 17:20:46 
X8SDR2MZ | 2020-01-17 17:29:55 
7I1YTDZL | 2020-01-17 17:49:42 
9GNOKQJY | 2020-01-17 17:53:47 
ANTJQK2S | 2020-01-17 17:58:21 
052XL7D4 | 2020-01-17 18:01:20 
AC3ZDSTG | 2020-01-17 18:06:01 
FQPN6GBZ | 2020-01-17 18:08:16 
RVP1UBDT | 2020-01-17 18:13:01 
FQPN6GBZ | 2020-01-20 12:16:48 
AC3ZDSTG | 2020-01-20 12:29:45 
U9OJVYGQ | 2020-01-20 12:39:56 
ANTJQK2S | 2020-01-20 12:55:52 
5OALCRB6 | 2020-01-20 13:01:33 
X8SDR2MZ | 2020-01-20 13:04:18 
RVP1UBDT | 2020-01-20 13:14:17 
052XL7D4 | 2020-01-20 13:15:05 
9GNOKQJY | 2020-01-20 13:22:18 
ANTJQK2S | 2020-01-20 17:35:52 
FQPN6GBZ | 2020-01-20 17:41:39 
RVP1UBDT | 2020-01-20 17:49:43 
9GNOKQJY | 2020-01-20 17:52:50 
X8SDR2MZ | 2020-01-20 18:05:16 
U9OJVYGQ | 2020-01-20 18:09:02 
5OALCRB6 | 2020-01-20 18:09:43 
AC3ZDSTG | 2020-01-20 18:11:27 
052XL7D4 | 2020-01-20 18:34:02 
9GNOKQJY | 2020-01-21 12:33:27 
FQPN6GBZ | 2020-01-21 12:34:40 
7I1YTDZL | 2020-01-21 12:37:26 
052XL7D4 | 2020-01-21 12:52:55 
U9OJVYGQ | 2020-01-21 12:53:43 
AC3ZDSTG | 2020-01-21 12:58:59 
RVP1UBDT | 2020-01-21 13:14:12 
ANTJQK2S | 2020-01-21 13:20:07 
5OALCRB6 | 2020-01-21 13:32:01 
FQPN6GBZ | 2020-01-21 17:10:41 
052XL7D4 | 2020-01-21 17:36:46 
ANTJQK2S | 2020-01-21 17:40:42 
7I1YTDZL | 2020-01-21 17:47:41 
9GNOKQJY | 2020-01-21 17:48:48 
U9OJVYGQ | 2020-01-21 18:01:06 
5OALCRB6 | 2020-01-21 18:01:14 
RVP1UBDT | 2020-01-21 18:07:05 
AC3ZDSTG | 2020-01-21 18:13:13 
052XL7D4 | 2020-01-22 12:43:51 
7I1YTDZL | 2020-01-22 12:46:59 
5OALCRB6 | 2020-01-22 12:51:48 
9GNOKQJY | 2020-01-22 12:53:46 
U9OJVYGQ | 2020-01-22 12:54:45 
FQPN6GBZ | 2020-01-22 13:07:02 
RVP1UBDT | 2020-01-22 13:14:25 
AC3ZDSTG | 2020-01-22 13:15:03 
ANTJQK2S | 2020-01-22 13:23:22 
AC3ZDSTG | 2020-01-22 17:17:40 
052XL7D4 | 2020-01-22 17:39:39 
U9OJVYGQ | 2020-01-22 17:45:37 
5OALCRB6 | 2020-01-22 17:51:54 
7I1YTDZL | 2020-01-22 17:58:51 
9GNOKQJY | 2020-01-22 18:02:05 
RVP1UBDT | 2020-01-22 18:03:02 
ANTJQK2S | 2020-01-22 18:19:11 
FQPN6GBZ | 2020-01-22 18:35:01 
FQPN6GBZ | 2020-01-23 12:42:56 
052XL7D4 | 2020-01-23 12:55:54 
AC3ZDSTG | 2020-01-23 12:56:57 
9GNOKQJY | 2020-01-23 13:04:09 
7I1YTDZL | 2020-01-23 13:04:13 
5OALCRB6 | 2020-01-23 13:10:05 
X8SDR2MZ | 2020-01-23 13:22:21 
U9OJVYGQ | 2020-01-23 13:25:22 
RVP1UBDT | 2020-01-23 13:32:02 
ANTJQK2S | 2020-01-23 13:46:12 
AC3ZDSTG | 2020-01-23 17:31:56 
7I1YTDZL | 2020-01-23 17:40:50 
FQPN6GBZ | 2020-01-23 17:43:53 
5OALCRB6 | 2020-01-23 17:58:47 
RVP1UBDT | 2020-01-23 18:02:22 
052XL7D4 | 2020-01-23 18:03:01 
X8SDR2MZ | 2020-01-23 18:12:14 
ANTJQK2S | 2020-01-23 18:17:07 
U9OJVYGQ | 2020-01-23 18:21:25 
9GNOKQJY | 2020-01-23 18:40:23 
RVP1UBDT | 2020-01-24 12:34:55 
ANTJQK2S | 2020-01-24 12:35:57 
5OALCRB6 | 2020-01-24 12:50:53 
7I1YTDZL | 2020-01-24 12:52:57 
X8SDR2MZ | 2020-01-24 12:53:55 
052XL7D4 | 2020-01-24 12:54:49 
9GNOKQJY | 2020-01-24 13:10:17 
AC3ZDSTG | 2020-01-24 13:25:27 
FQPN6GBZ | 2020-01-24 13:33:14 
052XL7D4 | 2020-01-24 17:38:46 
X8SDR2MZ | 2020-01-24 17:43:50 
RVP1UBDT | 2020-01-24 17:45:57 
9GNOKQJY | 2020-01-24 17:49:49 
7I1YTDZL | 2020-01-24 17:58:47 
ANTJQK2S | 2020-01-24 18:08:04 
5OALCRB6 | 2020-01-24 18:12:13 
FQPN6GBZ | 2020-01-24 18:41:09 
AC3ZDSTG | 2020-01-24 18:41:22 
AC3ZDSTG | 2020-01-27 12:14:54 
RVP1UBDT | 2020-01-27 12:37:49 
7I1YTDZL | 2020-01-27 12:54:39 
5OALCRB6 | 2020-01-27 12:55:47 
052XL7D4 | 2020-01-27 13:07:06 
X8SDR2MZ | 2020-01-27 13:35:10 
9GNOKQJY | 2020-01-27 13:38:04 
FQPN6GBZ | 2020-01-27 13:43:43 
052XL7D4 | 2020-01-27 17:21:55 
9GNOKQJY | 2020-01-27 17:28:49 
RVP1UBDT | 2020-01-27 17:43:33 
FQPN6GBZ | 2020-01-27 18:07:10 
AC3ZDSTG | 2020-01-27 18:07:27 
5OALCRB6 | 2020-01-27 18:16:05 
7I1YTDZL | 2020-01-27 18:28:12 
X8SDR2MZ | 2020-01-27 18:41:08 
9GNOKQJY | 2020-01-28 12:30:45 
052XL7D4 | 2020-01-28 12:53:56 
7I1YTDZL | 2020-01-28 12:55:47 
FQPN6GBZ | 2020-01-28 13:04:23 
U9OJVYGQ | 2020-01-28 13:04:38 
RVP1UBDT | 2020-01-28 13:06:17 
5OALCRB6 | 2020-01-28 13:08:16 
AC3ZDSTG | 2020-01-28 13:18:01 
052XL7D4 | 2020-01-28 17:21:49 
9GNOKQJY | 2020-01-28 17:35:52 
5OALCRB6 | 2020-01-28 17:55:59 
AC3ZDSTG | 2020-01-28 17:57:34 
FQPN6GBZ | 2020-01-28 17:58:36 
RVP1UBDT | 2020-01-28 18:08:02 
U9OJVYGQ | 2020-01-28 18:30:11 
7I1YTDZL | 2020-01-28 18:46:35 
U9OJVYGQ | 2020-01-29 12:15:43 
ANTJQK2S | 2020-01-29 12:35:50 
AC3ZDSTG | 2020-01-29 12:36:46 
RVP1UBDT | 2020-01-29 12:36:54 
9GNOKQJY | 2020-01-29 12:41:49 
5OALCRB6 | 2020-01-29 12:44:28 
052XL7D4 | 2020-01-29 12:51:59 
7I1YTDZL | 2020-01-29 13:11:11 
FQPN6GBZ | 2020-01-29 13:32:09 
X8SDR2MZ | 2020-01-29 13:43:04 
AC3ZDSTG | 2020-01-29 17:45:52 
7I1YTDZL | 2020-01-29 17:49:37 
5OALCRB6 | 2020-01-29 17:56:43 
U9OJVYGQ | 2020-01-29 18:06:03 
FQPN6GBZ | 2020-01-29 18:06:08 
9GNOKQJY | 2020-01-29 18:12:03 
ANTJQK2S | 2020-01-29 18:13:10 
RVP1UBDT | 2020-01-29 18:27:16 
X8SDR2MZ | 2020-01-29 18:33:31 
052XL7D4 | 2020-01-29 18:43:14 
RVP1UBDT | 2020-01-30 12:20:57 
FQPN6GBZ | 2020-01-30 12:27:24 
052XL7D4 | 2020-01-30 12:49:51 
X8SDR2MZ | 2020-01-30 13:05:32 
AC3ZDSTG | 2020-01-30 13:11:08 
7I1YTDZL | 2020-01-30 13:19:40 
ANTJQK2S | 2020-01-30 13:20:23 
9GNOKQJY | 2020-01-30 13:21:05 
U9OJVYGQ | 2020-01-30 13:27:22 
7I1YTDZL | 2020-01-30 17:22:42 
AC3ZDSTG | 2020-01-30 17:23:53 
052XL7D4 | 2020-01-30 17:31:53 
RVP1UBDT | 2020-01-30 17:57:27 
U9OJVYGQ | 2020-01-30 18:05:17 
ANTJQK2S | 2020-01-30 18:09:17 
FQPN6GBZ | 2020-01-30 18:10:30 
X8SDR2MZ | 2020-01-30 18:19:07 
9GNOKQJY | 2020-01-30 18:27:24 
7I1YTDZL | 2020-01-31 12:43:48 
5OALCRB6 | 2020-01-31 12:45:46 
AC3ZDSTG | 2020-01-31 12:56:49 
052XL7D4 | 2020-01-31 12:56:52 
U9OJVYGQ | 2020-01-31 13:08:09 
9GNOKQJY | 2020-01-31 13:08:14 
ANTJQK2S | 2020-01-31 13:13:06 
FQPN6GBZ | 2020-01-31 13:15:14 
RVP1UBDT | 2020-01-31 13:18:03 
ANTJQK2S | 2020-01-31 17:32:42 
AC3ZDSTG | 2020-01-31 17:54:59 
9GNOKQJY | 2020-01-31 18:03:08 
RVP1UBDT | 2020-01-31 18:07:03 
052XL7D4 | 2020-01-31 18:11:11 
U9OJVYGQ | 2020-01-31 18:11:30 
7I1YTDZL | 2020-01-31 18:16:23 
5OALCRB6 | 2020-01-31 18:25:23 
FQPN6GBZ | 2020-01-31 18:34:11 
